<?xml version="1.0" encoding="UTF-8"?>
<!-- Generated by org.testng.reporters.JUnitReportReporter -->
<testsuite hostname="EVT01223NB" failures="0" tests="4" name="runner.TestRunner" time="5.526" errors="0" timestamp="2021-02-02T00:17:29 TRT" skipped="0">
  <testcase classname="runner.TestRunner" name="runScenario" time="0.761"/>
  <system-out/>
  <testcase classname="runner.TestRunner" name="runScenario" time="2.449"/>
  <system-out/>
  <testcase classname="runner.TestRunner" name="runScenario" time="0.724"/>
  <system-out/>
  <testcase classname="runner.TestRunner" name="runScenario" time="1.592"/>
  <system-out/>
</testsuite> <!-- runner.TestRunner -->
